Job started on "2024-07-07T08:41:19.2414463-10:00"
Loading map from E:\SteamLibrary\steamapps\common\Half-Life\ts\test\H9\Alexandria\maps\alexandria_msr_b4v3.bsp
Deserializing BSP data
Time elapsed: 00.00:00:00.146
Decompiling map using Tree strategy
Merging brushes
Optimizing for texture placement
brush size: <-3832, -4036, -3984> to <3792, 4040, 952>
SplitBrush: only on back
CreateBrushes_r: WARNING node not splitting brush
SplitBrush: only on front
CreateBrushes_r: WARNING node not splitting brush
SplitBrush: only on front
CreateBrushes_r: WARNING node not splitting brush
SplitBrush: only on front
CreateBrushes_r: WARNING node not splitting brush
SplitBrush: only on back
CreateBrushes_r: WARNING node not splitting brush
SplitBrush: only on front
CreateBrushes_r: WARNING node not splitting brush
SplitBrush: only on back
CreateBrushes_r: WARNING node not splitting brush
SplitBrush: tiny volume after clip
CreateBrushes_r: WARNING node not splitting brush
SplitBrush: only on back
CreateBrushes_r: WARNING node not splitting brush
SplitBrush: only on back
CreateBrushes_r: WARNING node not splitting brush
SplitBrush: only on front
CreateBrushes_r: WARNING node not splitting brush
SplitBrush: tiny volume after clip
CreateBrushes_r: WARNING node not splitting brush
SplitBrush: tiny volume after clip
CreateBrushes_r: WARNING node not splitting brush
SplitBrush: tiny volume after clip
CreateBrushes_r: WARNING node not splitting brush
texturing brushes
12020 brushes
3153 brushes merged
converting brushes to map brushes
8867 brushes
SplitBrush: tiny volume after clip
CreateBrushes_r: WARNING node not splitting brush
SplitBrush: tiny volume after clip
CreateBrushes_r: WARNING node not splitting brush
SplitBrush: only on front
CreateBrushes_r: WARNING node not splitting brush
9426 map brushes
264 clip brushes
Time elapsed: 00.00:00:15.269
Writing E:\3D stuff\HL Tools\HalfLife.UnifiedSdk.MapDecompiler\Maps\alexandria_msr_b4v3.map
Time elapsed: 00.00:00:15.546
Writing E:\3D stuff\HL Tools\HalfLife.UnifiedSdk.MapDecompiler\Maps\alexandria_msr_b4v3_generated.wad
Adding texture door002
Adding texture nuclearsign
Adding texture Pavement001
Adding texture md_sink
Adding texture !cd_blood
Adding texture cds_drawer1
Adding texture cds_lab4
Adding texture cds_lab7
Adding texture cds_labtrim2
Adding texture cds_metalf2
Adding texture cds_metalwr1
Adding texture cds_monitor15
Adding texture cds_monitor17
Adding texture cds_monitor3
Adding texture cds_whitedoor
Adding texture cd_carpblue
Adding texture cd_carpred
Adding texture cd_cretestr1
Adding texture cd_glass1
Adding texture cd_grass
Adding texture cd_keybwhite
Adding texture cd_labeq1
Adding texture cd_labtrim2
Adding texture cd_lqcontside
Adding texture cd_metalchr
Adding texture cd_metalshiny
Adding texture cd_metalshiny_s
Adding texture cd_metalsrf
Adding texture cd_metalw3
Adding texture cd_mrbblack
Adding texture cd_side4
Adding texture cd_stripes1
Adding texture cd_wlab4
Adding texture cd_wood
Adding texture cd_wooddrwr
Adding texture cd_woodwall
Adding texture greencarpet
Adding texture kit_cupboard1
Adding texture stec_panel3
Adding texture stec_panel5
Adding texture stec_panel5b
Adding texture {cd_bigmetdoor
Adding texture +0cpu27dn
Adding texture +0cpu31dn
Adding texture +0metaldoor1dn
Adding texture +0purpledn
Adding texture +1metaldoor1dn
Adding texture +1purpledn
Adding texture +2metaldoor1dn
Adding texture +2purpledn
Adding texture +3purpledn
Adding texture +4purpledn
Adding texture +5purpledn
Adding texture +acpu27dn
Adding texture +acpu31dn
Adding texture alienmon1dn
Adding texture cpu13dn
Adding texture cpu14dn
Adding texture cpu42dn
Adding texture cpu43dn
Adding texture cpu4dn
Adding texture cpu8dn
Adding texture cpu9dn
Adding texture home57dn
Adding texture home58dn
Adding texture home79dn
Adding texture home7dn
Adding texture homedoor1dn
Adding texture metal13dn
Adding texture metal25dn
Adding texture metal2dn
Adding texture metal35dn
Adding texture metal71dn
Adding texture metaldoor14dn
Adding texture metaldoor18dn
Adding texture metaldoor21dn
Adding texture metaldoor26dn
Adding texture metaldoor2dn
Adding texture metaldoor30dn
Adding texture metaldoor40dn
Adding texture metaldoor41dn
Adding texture metallitedn
Adding texture metallock2dn
Adding texture wood8dn
Adding texture woodlockdn
Adding texture {metalcross1dn
Adding texture {metaldoordn
Adding texture +0lab1_cmpm4
Adding texture +0lab_compm4
Adding texture +0~cretestch01a
Adding texture +0~generic78b
Adding texture +0~generic85
Adding texture +0~generic86
Adding texture +0~lab1_gad2
Adding texture +0~lab1_gad3
Adding texture +0~lab1_sw1
Adding texture +0~lab_crt2
Adding texture +0~lab_crt8
Adding texture +0~light1
Adding texture +0~metalstch2
Adding texture +0~tnnl_lgt2
Adding texture +0~tnnl_lgt3
Adding texture +0~white
Adding texture +1lab1_cmpm4
Adding texture +1lab_compm4
Adding texture +1~cretestch01a
Adding texture +1~generic78b
Adding texture +1~lab1_gad3
Adding texture +1~lab_crt2
Adding texture +1~lab_crt8
Adding texture +2lab1_cmpm4
Adding texture +2lab_compm4
Adding texture +2~lab_crt2
Adding texture +3lab_compm4
Adding texture +3~lab_crt2
Adding texture +4lab_compm4
Adding texture +alab1_sw1
Adding texture +a~generic78b
Adding texture +a~generic85
Adding texture +a~generic86
Adding texture +a~lab1_gad2
Adding texture +a~lab1_gad3
Adding texture +a~lab1_sw1
Adding texture +a~light1
Adding texture +a~metalstch2
Adding texture +a~tnnl_lgt2
Adding texture +a~tnnl_lgt3
Adding texture -0fifties_case
Adding texture -0freezer_pan2
Adding texture -1fifties_case
Adding texture -1freezer_pan2
Adding texture -2fifties_case
Adding texture -2freezer_pan2
Adding texture -3freezer_pan2
Adding texture barreltop
Adding texture c1a0b_pan1
Adding texture c1a1sign3
Adding texture c1a3wall03
Adding texture c2a2a_sign4
Adding texture c2a4_lasgun
Adding texture c3a2sign16
Adding texture c3a2sign17
Adding texture ca1x_pipe
Adding texture chromebar
Adding texture crete3_ceil03c
Adding texture elev1_flr
Adding texture fade
Adding texture fifties_dsk5a
Adding texture fifties_dsk5b
Adding texture fifties_wall14a
Adding texture generic034
Adding texture generic034a
Adding texture generic77
Adding texture glass_dark
Adding texture lab1_paneli
Adding texture lab1_trim4
Adding texture nwbarrel
Adding texture out_box2d
Adding texture out_dmp2a
Adding texture out_dmp2b
Adding texture out_dmp2c
Adding texture poster10
Adding texture red
Adding texture sign20b
Adding texture sign20c
Adding texture sign23b
Adding texture sign26b
Adding texture sign26c
Adding texture sign41
Adding texture sign55a
Adding texture sign56a
Adding texture sign56b
Adding texture sign59
Adding texture sign62
Adding texture sign68
Adding texture signc1a3_2a
Adding texture stripes2
Adding texture tnnl_flr1a
Adding texture tnnl_flr5b
Adding texture tnnl_flr7a
Adding texture trk_pipe
Adding texture trrm_pan1
Adding texture xcrate10a
Adding texture xcrate10b
Adding texture xcrate10c
Adding texture xcrate10e
Adding texture {elev_flr
Adding texture {grate1
Adding texture {grate2
Adding texture {gratestep3
Adding texture {grid1
Adding texture {rail1b
Adding texture {tension4
Adding texture ~generic88
Adding texture ~lab1_comp2
Adding texture ~lab1_comp3a
Adding texture ~lab1_comp4
Adding texture ~lab_crt4
Adding texture ~light3a
Adding texture ~light3b
Adding texture ~light3c
Adding texture ~light3d
Adding texture ~light3e
Adding texture ~light3f
Adding texture ~light5b
Adding texture ~light5d
Adding texture ~light5e
Adding texture ~spotgreen
Adding texture ~spotyellow
Adding texture +1po_subvent
Adding texture +2po_subvent
Adding texture +3po_subvent
Adding texture +5rain1
Adding texture au_bed
Adding texture au_bedg
Adding texture au_closet2
Adding texture au_lampshade
Adding texture au_stove
Adding texture congo6
Adding texture epi_pipe00
Adding texture epoch_hfx11
Adding texture kit_cupboard5
Adding texture kit_cupboard6
Adding texture kit_oven1
Adding texture kit_wood3
Adding texture kit_wood4
Adding texture kit_wood5
Adding texture kit_wood6
Adding texture kit_woodoven
Adding texture marine_wall1
Adding texture mattress4
Adding texture po_lightgrtora
Adding texture po_sewerfloor
Adding texture po_sewerwall
Adding texture po_slsidewlkg
Adding texture PRXMETAL10B
Adding texture RD_CEILING01
Adding texture sink
Adding texture vaultfloor
Adding texture wallvault1
Adding texture wallvault1b
Adding texture wallvault2
Adding texture xen2_kitchen4
Adding texture {pkf_fence2a
Adding texture {pkf_fence2c
Adding texture {po_ventfrrst
Adding texture +0po_subvent
Adding texture +0rain1
Adding texture +2rain1
Adding texture +4po_subvent
Adding texture +5po_subvent
Adding texture au_bed2
Adding texture au_bedw2
Adding texture au_checker1
Adding texture au_drawer
Adding texture avafloor1
Adding texture book_c01
Adding texture booth_wood_1
Adding texture cg_pinarab1
Adding texture cg_pindracs1
Adding texture cg_pinshagbgl
Adding texture cg_pinshaside2
Adding texture dark_bwallgrt
Adding texture fap-ceiling03
Adding texture gp_fridgebeer
Adding texture gp_shelf1
Adding texture gp_shelf2
Adding texture hb_sign_028
Adding texture hocouch3
Adding texture hogroof
Adding texture hokitchenmetal
Adding texture hopaint2
Adding texture hopaint3
Adding texture howall3b
Adding texture howall7
Adding texture hs_dirt1
Adding texture jap_sign16
Adding texture jap_sign2
Adding texture jap_sign400
Adding texture jap_sign6
Adding texture jap_sign7
Adding texture KITCHEN-FRIDGE0
Adding texture kit_cupboard2
Adding texture kit_dishwasher
Adding texture kit_stove
Adding texture kit_white2
Adding texture kit_wood1
Adding texture kit_wood2
Adding texture marb
Adding texture mattress1
Adding texture metal5
Adding texture pkf_concrete5a
Adding texture pkf_concrete5b
Adding texture pkf_inwall2
Adding texture pkf_metall1b
Adding texture pkf_trim1a
Adding texture pkf_trimpavemen
Adding texture po_concretwall
Adding texture po_lightgrtyel
Adding texture po_rustmetalblu
Adding texture po_slasphalblgr
Adding texture po_subtrash
Adding texture pv_aslwrhceil
Adding texture pv_cooker
Adding texture pv_genmtlgrey
Adding texture pv_orlflrtech
Adding texture px_fox_techwall
Adding texture ribbed_wall
Adding texture sinbankbrick
Adding texture sinbar2
Adding texture sinbrickwall
Adding texture sinceiling3
Adding texture sinfinewood
Adding texture sinfloor1
Adding texture sinfuture
Adding texture sinfuture2
Adding texture sinfuture3
Adding texture sinfuturefloor
Adding texture singhettofloor
Adding texture singhettowallwo
Adding texture singold
Adding texture sinjappaint
Adding texture sinmarblewall
Adding texture sinpalacefloor
Adding texture sinrug
Adding texture sinrug2
Adding texture sintexture
Adding texture sintilesfloor
Adding texture sintilesplain
Adding texture sintrim
Adding texture sinwall32
Adding texture sinwoodenfloor2
Adding texture sinwoodenfloor5
Adding texture sinwoodentextur
Adding texture sinwoodwallluxu
Adding texture vbRustTrim
Adding texture WOODFLOOR02_256
Adding texture {blue
Adding texture {cxgate
Adding texture {eastline3
Adding texture {gratestep2
Adding texture {pkf_fence1
Adding texture {po_laddrust
Adding texture {po_rustygrtsm
Adding texture !gwater3
Adding texture !water1
Adding texture scrolltoxic
Adding texture +0SW1S
Adding texture +0SW2S
Adding texture +ASW2S
Adding texture +ASW3S
Adding texture ddoortrack3
Adding texture dgrey1
Adding texture dgrey2
Adding texture dgrey3
Adding texture dgrey4
Adding texture dgrey5
Adding texture dgrey6
Adding texture dgrey7
Adding texture dgrey8
Adding texture dgrey9
Adding texture dgreybase
Adding texture dsupport
Adding texture dtan1
Adding texture dtan2
Adding texture dtan3
Adding texture dtan4
Adding texture dtan5
Adding texture dtan6
Adding texture dtan7
Adding texture dtan8
Adding texture dtan9
Adding texture dtanbase
Adding texture dtanwall1
Adding texture dtanwall3
Adding texture dtrim7
Adding texture dwall2a
Adding texture dwall2b
Adding texture dwall2c
Adding texture greywall1
Adding texture greywall2
Adding texture greywall3
Adding texture grey_creteflr
Adding texture grey_creteflr2
Adding texture mwall2c
Adding texture starwall2b
Adding texture black
Adding texture tech_pan6
Adding texture xeno_20d
Adding texture xeno_6aw1
Adding texture sky
Adding texture !fog
Adding texture ax_fsg
Adding texture ax_glassorienta
Adding texture ax_heavensent
Adding texture ax_picture1
Adding texture ax_picture3
Adding texture ax_picture4
Adding texture ax_picture5
Adding texture ax_seaofice
Adding texture scrollgwater3
Adding texture {ax_detfac
Adding texture {ax_msr
Adding texture sign_24
Adding texture sign_character
Adding texture sign_christ
Adding texture sign_cocktails
Adding texture sign_coffee1
Adding texture sign_coffee2
Adding texture sign_devilopen
Adding texture sign_kline
Adding texture sign_open
Adding texture sign_ribs
Adding texture sign_steakhouse
Adding texture sign_vintagebee
Adding texture bek_1
Adding texture bek_2
Adding texture bek_3
Adding texture bek_4
Adding texture cabnet02
Adding texture chair01f
Adding texture chair03
Adding texture dsk2_06
Adding texture dsk2_07
Adding texture lights01
Adding texture ndoor_3b
Adding texture nl_wall3
Adding texture nswitch_10
Adding texture ntrim_1
Adding texture overhead01
Adding texture overhead02
Adding texture pod-console-5
Adding texture tabletops
Adding texture whtwl8b
Adding texture whtwl8c
Adding texture wht_airlock1
Adding texture wht_airlock3
Adding texture wht_monitors
Adding texture wht_wall1
Adding texture wht_wall1a
Adding texture wht_wall8
Adding texture +0lock
Adding texture +Alock
Adding texture armory11
Adding texture blkdrjam5
Adding texture blmtl3_03
Adding texture blmtl8f
Adding texture br1_trim06
Adding texture ceilingc
Adding texture ceilingpipec
Adding texture crtrack01
Adding texture gm_01
Adding texture gm_02
Adding texture gm_03
Adding texture gm_04
Adding texture gm_06
Adding texture gm_07
Adding texture gm_12
Adding texture grate4
Adding texture grey_screen
Adding texture gryrst04
Adding texture gryrst6b
Adding texture gryrstdr
Adding texture gryrstdr1
Adding texture mtl22vent
Adding texture mtl7-grate
Adding texture mtl8_cargo_door
Adding texture ob_02
Adding texture ob_04
Adding texture ob_05
Adding texture ob_07
Adding texture ob_08
Adding texture ob_09
Adding texture ob_10
Adding texture ob_11
Adding texture ob_12
Adding texture ob_13
Adding texture ob_17
Adding texture ob_19
Adding texture ob_30
Adding texture pipe_st1
Adding texture rdrstc1
Adding texture screendoor2
Adding texture sm_fc01a
Adding texture wm03nr
Adding texture wm2bnr
Adding texture wm2d
Adding texture wm2e
Adding texture wm2h
Adding texture wm3a
Adding texture wm3base
Adding texture wm72c
Adding texture wm79a
Adding texture wm79a_1
Adding texture wm79a_2
Adding texture wm79a_3
Adding texture wm79a_4
Adding texture wm79c
Adding texture wm_01
Adding texture wm_06
Adding texture wm_24
Adding texture wm_33
Adding texture wm_35
Adding texture wm_36
Adding texture wm_37
Adding texture wm_45
Adding texture wm_62
Adding texture wm_79b
Adding texture wm_79c
Adding texture wm_79e
Adding texture wm_84
Adding texture wm_94b
Adding texture wm_96a
Adding texture wm_pipes
Adding texture wsb2a
Adding texture wsb4c
Adding texture {aladder5
Adding texture {gurterb04
Adding texture {mtl8_panel4
Adding texture +6animrain
Adding texture +7animrain
Adding texture alexandriasigns
Adding texture mtl12_ggrate
Adding texture starfish
Adding texture +0animrain
Adding texture +0mother
Adding texture +0s1e-panel
Adding texture +0SW3S
Adding texture +0_cd_light0
Adding texture +0_cd_light0s
Adding texture +0~fifties_lgt2
Adding texture +1animrain
Adding texture +1rain1
Adding texture +1s1e-panel
Adding texture +3rain1
Adding texture +4rain1
Adding texture +5animrain
Adding texture +amother
Adding texture +as1e-panel
Adding texture +ASW1S
Adding texture +A_cd_light0
Adding texture +A_cd_light0s
Adding texture +a~fifties_lgt2
Adding texture autpsy1
Adding texture cds_hexgrate
Adding texture cds_lab6
Adding texture cds_labcomp3
Adding texture cds_labtrim1
Adding texture cds_pad1
Adding texture cds_whitepad1
Adding texture cds_whitepad2
Adding texture cds_whitepad3
Adding texture cds_whitewall
Adding texture cd_ceilpad
Adding texture cd_labeq3
Adding texture cd_labtrim1
Adding texture cd_trim2
Adding texture cd_trim3
Adding texture cd_white
Adding texture cd_whitepanel
Adding texture club_metal
Adding texture cmp01b
Adding texture cnsl01_t2
Adding texture cnsl01_t4
Adding texture core01
Adding texture doortrack1
Adding texture doortrack3
Adding texture holight7
Adding texture lab1-base
Adding texture lab_circle
Adding texture lab_lite2blue2
Adding texture lite7dn
Adding texture microplate
Adding texture microscopic
Adding texture mtrim7
Adding texture ndoor_2
Adding texture nlite_05
Adding texture nost-d1
Adding texture nswitch_06
Adding texture nwall_w8
Adding texture scifi_floor
Adding texture wht_monitors2
Adding texture wht_pillar3
Adding texture wht_wall17
Adding texture ~spotred
Adding texture !seawater
Adding texture +2animrain
Adding texture +3animrain
Adding texture +4animrain
Adding texture lite2blue3
Adding texture logo_biofuel1
Adding texture logo_biofuel2
Adding texture logo_ocp
Adding texture logo_rekall1
Adding texture logo_weyland1
Added 595 textures
Time elapsed: 00.00:00:15.565
Total time elapsed: 00.00:00:15.565
